  [1m[35m (3.9ms)[0m  [1m[35mCREATE DATABASE "myeventbrite_development" ENCODING = 'unicode'[0m
  ↳ /home/sebastien/.rbenv/versions/2.7.1/bin/rake:23
  [1m[35m (0.3ms)[0m  [1m[35mCREATE DATABASE "myeventbrite_test" ENCODING = 'unicode'[0m
  ↳ /home/sebastien/.rbenv/versions/2.7.1/bin/rake:23
  [1m[35m (0.1ms)[0m  [1m[34mSELECT pg_try_advisory_lock(8702192330141180325)[0m
  ↳ bin/rails:9
  [1m[35m (0.2ms)[0m  [1m[34mSELECT "schema_migrations"."version" FROM "schema_migrations" ORDER BY "schema_migrations"."version" ASC[0m
  ↳ bin/rails:9
  [1m[36mActiveRecord::InternalMetadata Load (0.1ms)[0m  [1m[34mSELECT  "ar_internal_metadata".* FROM "ar_internal_metadata" WHERE "ar_internal_metadata"."key" = $1 LIMIT $2[0m  [["key", "environment"], ["LIMIT", 1]]
  ↳ bin/rails:9
  [1m[35m (0.1ms)[0m  [1m[35mBEGIN[0m
  ↳ bin/rails:9
  [1m[35m (0.1ms)[0m  [1m[35mCOMMIT[0m
  ↳ bin/rails:9
  [1m[35m (0.1ms)[0m  [1m[34mSELECT pg_advisory_unlock(8702192330141180325)[0m
  ↳ bin/rails:9
  [1m[35m (0.1ms)[0m  [1m[34mSELECT "schema_migrations"."version" FROM "schema_migrations" ORDER BY "schema_migrations"."version" ASC[0m
  ↳ bin/rails:9
Started GET "/" for ::1 at 2021-05-18 16:25:56 +0200
  [1m[35m (0.3ms)[0m  [1m[34mSELECT "schema_migrations"."version" FROM "schema_migrations" ORDER BY "schema_migrations"."version" ASC[0m
  ↳ /home/sebastien/.rbenv/versions/2.7.1/lib/ruby/gems/2.7.0/gems/activerecord-5.2.6/lib/active_record/log_subscriber.rb:98
Processing by EventsController#index as HTML
  Rendering events/index.html.erb within layouts/application
  [1m[36mEvent Load (0.4ms)[0m  [1m[34mSELECT "events".* FROM "events"[0m
  ↳ app/views/events/index.html.erb:13
  Rendered events/index.html.erb within layouts/application (2.4ms)
Completed 200 OK in 205ms (Views: 198.0ms | ActiveRecord: 1.0ms)


Started GET "/events/new" for ::1 at 2021-05-18 16:25:57 +0200
Processing by EventsController#new as HTML
  Rendering events/new.html.erb within layouts/application
  Rendered events/_form.html.erb (749.3ms)
  Rendered events/new.html.erb within layouts/application (749.8ms)
Completed 200 OK in 765ms (Views: 757.4ms | ActiveRecord: 1.5ms)


Started POST "/events" for ::1 at 2021-05-18 16:25:59 +0200
Processing by EventsController#create as JS
  Parameters: {"utf8"=>"✓", "authenticity_token"=>"YWJNnKFXXY3PJZa5z0IqX9c3udEwGUb9y5ixfVZrN2SuYcWS5ZdCX3a4KuEwEa8ms7GafH7EtXBrj6fXIMWMEw==", "commit"=>"Create Event"}
  [1m[35m (0.1ms)[0m  [1m[35mBEGIN[0m
  ↳ app/controllers/events_controller.rb:26
  [1m[35m (0.1ms)[0m  [1m[31mROLLBACK[0m
  ↳ app/controllers/events_controller.rb:26
Completed 500 Internal Server Error in 21ms (ActiveRecord: 0.3ms)



NoMethodError - undefined method `mult_5_and_positive?' for #<Event:0x00007f7b380981d8>
Did you mean?  multiple_5_and_positive?:
  app/controllers/events_controller.rb:26:in `block in create'
  app/controllers/events_controller.rb:25:in `create'

Started POST "/events" for ::1 at 2021-05-18 16:26:02 +0200
Processing by EventsController#create as JS
  Parameters: {"utf8"=>"✓", "authenticity_token"=>"YWJNnKFXXY3PJZa5z0IqX9c3udEwGUb9y5ixfVZrN2SuYcWS5ZdCX3a4KuEwEa8ms7GafH7EtXBrj6fXIMWMEw==", "commit"=>"Create Event"}
  [1m[35m (0.3ms)[0m  [1m[35mBEGIN[0m
  ↳ app/controllers/events_controller.rb:26
  [1m[35m (0.2ms)[0m  [1m[31mROLLBACK[0m
  ↳ app/controllers/events_controller.rb:26
Completed 500 Internal Server Error in 28ms (ActiveRecord: 0.5ms)



NoMethodError - undefined method `mult_5_and_positive?' for #<Event:0x00007f7b30014b88>
Did you mean?  multiple_5_and_positive?:
  app/controllers/events_controller.rb:26:in `block in create'
  app/controllers/events_controller.rb:25:in `create'

Started POST "/events" for ::1 at 2021-05-18 16:26:03 +0200
Processing by EventsController#create as JS
  Parameters: {"utf8"=>"✓", "authenticity_token"=>"YWJNnKFXXY3PJZa5z0IqX9c3udEwGUb9y5ixfVZrN2SuYcWS5ZdCX3a4KuEwEa8ms7GafH7EtXBrj6fXIMWMEw==", "commit"=>"Create Event"}
  [1m[35m (0.2ms)[0m  [1m[35mBEGIN[0m
  ↳ app/controllers/events_controller.rb:26
  [1m[35m (0.2ms)[0m  [1m[31mROLLBACK[0m
  ↳ app/controllers/events_controller.rb:26
Completed 500 Internal Server Error in 28ms (ActiveRecord: 0.4ms)



NoMethodError - undefined method `mult_5_and_positive?' for #<Event:0x00007f7b30039bb8>
Did you mean?  multiple_5_and_positive?:
  app/controllers/events_controller.rb:26:in `block in create'
  app/controllers/events_controller.rb:25:in `create'

Started POST "/events" for ::1 at 2021-05-18 16:26:06 +0200
Processing by EventsController#create as JS
  Parameters: {"utf8"=>"✓", "authenticity_token"=>"YWJNnKFXXY3PJZa5z0IqX9c3udEwGUb9y5ixfVZrN2SuYcWS5ZdCX3a4KuEwEa8ms7GafH7EtXBrj6fXIMWMEw==", "commit"=>"Create Event"}
  [1m[35m (0.2ms)[0m  [1m[35mBEGIN[0m
  ↳ app/controllers/events_controller.rb:26
  [1m[35m (0.2ms)[0m  [1m[31mROLLBACK[0m
  ↳ app/controllers/events_controller.rb:26
Completed 500 Internal Server Error in 28ms (ActiveRecord: 0.3ms)



NoMethodError - undefined method `mult_5_and_positive?' for #<Event:0x00007f7b3d1668f8>
Did you mean?  multiple_5_and_positive?:
  app/controllers/events_controller.rb:26:in `block in create'
  app/controllers/events_controller.rb:25:in `create'

Started POST "/events" for ::1 at 2021-05-18 16:26:08 +0200
Processing by EventsController#create as JS
  Parameters: {"utf8"=>"✓", "authenticity_token"=>"YWJNnKFXXY3PJZa5z0IqX9c3udEwGUb9y5ixfVZrN2SuYcWS5ZdCX3a4KuEwEa8ms7GafH7EtXBrj6fXIMWMEw==", "commit"=>"Create Event"}
  [1m[35m (0.3ms)[0m  [1m[35mBEGIN[0m
  ↳ app/controllers/events_controller.rb:26
  [1m[35m (0.3ms)[0m  [1m[31mROLLBACK[0m
  ↳ app/controllers/events_controller.rb:26
Completed 500 Internal Server Error in 33ms (ActiveRecord: 0.6ms)



NoMethodError - undefined method `mult_5_and_positive?' for #<Event:0x00007f7b380b50d0>
Did you mean?  multiple_5_and_positive?:
  app/controllers/events_controller.rb:26:in `block in create'
  app/controllers/events_controller.rb:25:in `create'

Started POST "/events" for ::1 at 2021-05-18 16:26:10 +0200
Processing by EventsController#create as JS
  Parameters: {"utf8"=>"✓", "authenticity_token"=>"YWJNnKFXXY3PJZa5z0IqX9c3udEwGUb9y5ixfVZrN2SuYcWS5ZdCX3a4KuEwEa8ms7GafH7EtXBrj6fXIMWMEw==", "commit"=>"Create Event"}
  [1m[35m (0.3ms)[0m  [1m[35mBEGIN[0m
  ↳ app/controllers/events_controller.rb:26
  [1m[35m (0.3ms)[0m  [1m[31mROLLBACK[0m
  ↳ app/controllers/events_controller.rb:26
Completed 500 Internal Server Error in 36ms (ActiveRecord: 0.7ms)



NoMethodError - undefined method `mult_5_and_positive?' for #<Event:0x00007f7b4b67c8c0>
Did you mean?  multiple_5_and_positive?:
  app/controllers/events_controller.rb:26:in `block in create'
  app/controllers/events_controller.rb:25:in `create'

Started POST "/events" for ::1 at 2021-05-18 16:26:10 +0200
Processing by EventsController#create as JS
  Parameters: {"utf8"=>"✓", "authenticity_token"=>"YWJNnKFXXY3PJZa5z0IqX9c3udEwGUb9y5ixfVZrN2SuYcWS5ZdCX3a4KuEwEa8ms7GafH7EtXBrj6fXIMWMEw==", "commit"=>"Create Event"}
  [1m[35m (0.2ms)[0m  [1m[35mBEGIN[0m
  ↳ app/controllers/events_controller.rb:26
  [1m[35m (0.2ms)[0m  [1m[31mROLLBACK[0m
  ↳ app/controllers/events_controller.rb:26
Completed 500 Internal Server Error in 20ms (ActiveRecord: 0.3ms)



NoMethodError - undefined method `mult_5_and_positive?' for #<Event:0x00007f7b4b641b80>
Did you mean?  multiple_5_and_positive?:
  app/controllers/events_controller.rb:26:in `block in create'
  app/controllers/events_controller.rb:25:in `create'

Started POST "/events" for ::1 at 2021-05-18 16:26:11 +0200
Processing by EventsController#create as JS
  Parameters: {"utf8"=>"✓", "authenticity_token"=>"YWJNnKFXXY3PJZa5z0IqX9c3udEwGUb9y5ixfVZrN2SuYcWS5ZdCX3a4KuEwEa8ms7GafH7EtXBrj6fXIMWMEw==", "commit"=>"Create Event"}
  [1m[35m (0.1ms)[0m  [1m[35mBEGIN[0m
  ↳ app/controllers/events_controller.rb:26
  [1m[35m (0.1ms)[0m  [1m[31mROLLBACK[0m
  ↳ app/controllers/events_controller.rb:26
Completed 500 Internal Server Error in 13ms (ActiveRecord: 0.2ms)



NoMethodError - undefined method `mult_5_and_positive?' for #<Event:0x00007f7b4b5edd00>
Did you mean?  multiple_5_and_positive?:
  app/controllers/events_controller.rb:26:in `block in create'
  app/controllers/events_controller.rb:25:in `create'

Started POST "/events" for ::1 at 2021-05-18 16:26:11 +0200
Processing by EventsController#create as JS
  Parameters: {"utf8"=>"✓", "authenticity_token"=>"YWJNnKFXXY3PJZa5z0IqX9c3udEwGUb9y5ixfVZrN2SuYcWS5ZdCX3a4KuEwEa8ms7GafH7EtXBrj6fXIMWMEw==", "commit"=>"Create Event"}
  [1m[35m (0.2ms)[0m  [1m[35mBEGIN[0m
  ↳ app/controllers/events_controller.rb:26
  [1m[35m (0.2ms)[0m  [1m[31mROLLBACK[0m
  ↳ app/controllers/events_controller.rb:26
Completed 500 Internal Server Error in 34ms (ActiveRecord: 0.5ms)



NoMethodError - undefined method `mult_5_and_positive?' for #<Event:0x00007f7b30239058>
Did you mean?  multiple_5_and_positive?:
  app/controllers/events_controller.rb:26:in `block in create'
  app/controllers/events_controller.rb:25:in `create'

Started POST "/events" for ::1 at 2021-05-18 16:26:11 +0200
Processing by EventsController#create as JS
  Parameters: {"utf8"=>"✓", "authenticity_token"=>"YWJNnKFXXY3PJZa5z0IqX9c3udEwGUb9y5ixfVZrN2SuYcWS5ZdCX3a4KuEwEa8ms7GafH7EtXBrj6fXIMWMEw==", "commit"=>"Create Event"}
  [1m[35m (0.2ms)[0m  [1m[35mBEGIN[0m
  ↳ app/controllers/events_controller.rb:26
  [1m[35m (0.2ms)[0m  [1m[31mROLLBACK[0m
  ↳ app/controllers/events_controller.rb:26
Completed 500 Internal Server Error in 30ms (ActiveRecord: 0.3ms)



NoMethodError - undefined method `mult_5_and_positive?' for #<Event:0x00007f7b302db3a8>
Did you mean?  multiple_5_and_positive?:
  app/controllers/events_controller.rb:26:in `block in create'
  app/controllers/events_controller.rb:25:in `create'

Started POST "/events" for ::1 at 2021-05-18 16:26:11 +0200
Processing by EventsController#create as JS
  Parameters: {"utf8"=>"✓", "authenticity_token"=>"YWJNnKFXXY3PJZa5z0IqX9c3udEwGUb9y5ixfVZrN2SuYcWS5ZdCX3a4KuEwEa8ms7GafH7EtXBrj6fXIMWMEw==", "commit"=>"Create Event"}
  [1m[35m (0.2ms)[0m  [1m[35mBEGIN[0m
  ↳ app/controllers/events_controller.rb:26
  [1m[35m (0.2ms)[0m  [1m[31mROLLBACK[0m
  ↳ app/controllers/events_controller.rb:26
Completed 500 Internal Server Error in 27ms (ActiveRecord: 0.3ms)



NoMethodError - undefined method `mult_5_and_positive?' for #<Event:0x00007f7b4b4797d0>
Did you mean?  multiple_5_and_positive?:
  app/controllers/events_controller.rb:26:in `block in create'
  app/controllers/events_controller.rb:25:in `create'

Started POST "/events" for ::1 at 2021-05-18 16:26:13 +0200
Processing by EventsController#create as JS
  Parameters: {"utf8"=>"✓", "authenticity_token"=>"YWJNnKFXXY3PJZa5z0IqX9c3udEwGUb9y5ixfVZrN2SuYcWS5ZdCX3a4KuEwEa8ms7GafH7EtXBrj6fXIMWMEw==", "commit"=>"Create Event"}
  [1m[35m (0.3ms)[0m  [1m[35mBEGIN[0m
  ↳ app/controllers/events_controller.rb:26
  [1m[35m (0.2ms)[0m  [1m[31mROLLBACK[0m
  ↳ app/controllers/events_controller.rb:26
Completed 500 Internal Server Error in 33ms (ActiveRecord: 0.5ms)



NoMethodError - undefined method `mult_5_and_positive?' for #<Event:0x00007f7b400b25f8>
Did you mean?  multiple_5_and_positive?:
  app/controllers/events_controller.rb:26:in `block in create'
  app/controllers/events_controller.rb:25:in `create'

Started POST "/events" for ::1 at 2021-05-18 16:26:13 +0200
Processing by EventsController#create as JS
  Parameters: {"utf8"=>"✓", "authenticity_token"=>"YWJNnKFXXY3PJZa5z0IqX9c3udEwGUb9y5ixfVZrN2SuYcWS5ZdCX3a4KuEwEa8ms7GafH7EtXBrj6fXIMWMEw==", "commit"=>"Create Event"}
  [1m[35m (0.2ms)[0m  [1m[35mBEGIN[0m
  ↳ app/controllers/events_controller.rb:26
  [1m[35m (0.2ms)[0m  [1m[31mROLLBACK[0m
  ↳ app/controllers/events_controller.rb:26
Completed 500 Internal Server Error in 29ms (ActiveRecord: 0.4ms)



NoMethodError - undefined method `mult_5_and_positive?' for #<Event:0x00007f7b3df6c0d8>
Did you mean?  multiple_5_and_positive?:
  app/controllers/events_controller.rb:26:in `block in create'
  app/controllers/events_controller.rb:25:in `create'

Started POST "/events" for ::1 at 2021-05-18 16:26:13 +0200
Processing by EventsController#create as JS
  Parameters: {"utf8"=>"✓", "authenticity_token"=>"YWJNnKFXXY3PJZa5z0IqX9c3udEwGUb9y5ixfVZrN2SuYcWS5ZdCX3a4KuEwEa8ms7GafH7EtXBrj6fXIMWMEw==", "commit"=>"Create Event"}
  [1m[35m (0.1ms)[0m  [1m[35mBEGIN[0m
  ↳ app/controllers/events_controller.rb:26
  [1m[35m (0.1ms)[0m  [1m[31mROLLBACK[0m
  ↳ app/controllers/events_controller.rb:26
Completed 500 Internal Server Error in 18ms (ActiveRecord: 0.2ms)



NoMethodError - undefined method `mult_5_and_positive?' for #<Event:0x00007f7b4b2a3bb8>
Did you mean?  multiple_5_and_positive?:
  app/controllers/events_controller.rb:26:in `block in create'
  app/controllers/events_controller.rb:25:in `create'

Started GET "/" for ::1 at 2021-05-18 16:26:16 +0200
Processing by EventsController#index as HTML
  Rendering events/index.html.erb within layouts/application
  [1m[36mEvent Load (0.1ms)[0m  [1m[34mSELECT "events".* FROM "events"[0m
  ↳ app/views/events/index.html.erb:13
  Rendered events/index.html.erb within layouts/application (0.7ms)
Completed 200 OK in 9ms (Views: 8.3ms | ActiveRecord: 0.1ms)


Started GET "/users/sign_in" for ::1 at 2021-05-18 16:26:17 +0200
Processing by Devise::SessionsController#new as HTML
  Rendering devise/sessions/new.html.erb within layouts/application
  Rendered devise/shared/_links.html.erb (0.6ms)
  Rendered devise/sessions/new.html.erb within layouts/application (7.9ms)
Completed 200 OK in 29ms (Views: 16.4ms | ActiveRecord: 2.9ms)


Started GET "/users/sign_up" for ::1 at 2021-05-18 16:26:18 +0200
Processing by Devise::RegistrationsController#new as HTML
  Rendering devise/registrations/new.html.erb within layouts/application
  Rendered devise/shared/_error_messages.html.erb (0.4ms)
  Rendered devise/shared/_links.html.erb (0.7ms)
  Rendered devise/registrations/new.html.erb within layouts/application (3.8ms)
Completed 200 OK in 15ms (Views: 14.8ms | ActiveRecord: 0.0ms)


Started GET "/users/sign_in" for ::1 at 2021-05-18 16:26:20 +0200
Processing by Devise::SessionsController#new as HTML
  Rendering devise/sessions/new.html.erb within layouts/application
  Rendered devise/shared/_links.html.erb (0.7ms)
  Rendered devise/sessions/new.html.erb within layouts/application (2.9ms)
Completed 200 OK in 14ms (Views: 13.5ms | ActiveRecord: 0.0ms)


Started GET "/" for ::1 at 2021-05-18 16:26:20 +0200
Processing by EventsController#index as HTML
  Rendering events/index.html.erb within layouts/application
  [1m[36mEvent Load (0.2ms)[0m  [1m[34mSELECT "events".* FROM "events"[0m
  ↳ app/views/events/index.html.erb:13
  Rendered events/index.html.erb within layouts/application (0.9ms)
Completed 200 OK in 11ms (Views: 10.2ms | ActiveRecord: 0.2ms)


Started GET "/" for ::1 at 2021-05-18 16:26:21 +0200
Processing by EventsController#index as HTML
  Rendering events/index.html.erb within layouts/application
  [1m[36mEvent Load (0.2ms)[0m  [1m[34mSELECT "events".* FROM "events"[0m
  ↳ app/views/events/index.html.erb:13
  Rendered events/index.html.erb within layouts/application (1.3ms)
Completed 200 OK in 14ms (Views: 13.3ms | ActiveRecord: 0.2ms)


Started GET "/users/sign_up" for ::1 at 2021-05-18 16:28:05 +0200
Processing by Devise::RegistrationsController#new as HTML
  Rendering devise/registrations/new.html.erb within layouts/application
  Rendered devise/shared/_error_messages.html.erb (0.6ms)
  Rendered devise/shared/_links.html.erb (0.7ms)
  Rendered devise/registrations/new.html.erb within layouts/application (4.8ms)
Completed 200 OK in 19ms (Views: 18.4ms | ActiveRecord: 0.0ms)


Started POST "/users" for ::1 at 2021-05-18 16:28:23 +0200
Processing by Devise::RegistrationsController#create as HTML
  Parameters: {"utf8"=>"✓", "authenticity_token"=>"/VLWKaSopyCUX+up6wEFCrWx49QRvQxQROrstpEqevIZwcMM0ChznGW5KJaZWKZJ+PeZI7nk5DDVctLyOIbfpQ==", "user"=>{"email"=>"seb@mail.com", "password"=>"[FILTERED]", "password_confirmation"=>"[FILTERED]"}, "commit"=>"Sign up"}
  [1m[35m (0.1ms)[0m  [1m[35mBEGIN[0m
  ↳ /home/sebastien/.rbenv/versions/2.7.1/lib/ruby/gems/2.7.0/gems/activerecord-5.2.6/lib/active_record/log_subscriber.rb:98
  [1m[36mUser Exists (0.3ms)[0m  [1m[34mSELECT  1 AS one FROM "users" WHERE "users"."email" = $1 LIMIT $2[0m  [["email", "seb@mail.com"], ["LIMIT", 1]]
  ↳ /home/sebastien/.rbenv/versions/2.7.1/lib/ruby/gems/2.7.0/gems/activerecord-5.2.6/lib/active_record/log_subscriber.rb:98
  [1m[36mCACHE User Exists (0.0ms)[0m  [1m[34mSELECT  1 AS one FROM "users" WHERE "users"."email" = $1 LIMIT $2[0m  [["email", "seb@mail.com"], ["LIMIT", 1]]
  ↳ /home/sebastien/.rbenv/versions/2.7.1/lib/ruby/gems/2.7.0/gems/activerecord-5.2.6/lib/active_record/log_subscriber.rb:98
  [1m[35m (0.1ms)[0m  [1m[31mROLLBACK[0m
  ↳ /home/sebastien/.rbenv/versions/2.7.1/lib/ruby/gems/2.7.0/gems/activerecord-5.2.6/lib/active_record/log_subscriber.rb:98
  Rendering devise/registrations/new.html.erb within layouts/application
  Rendered devise/shared/_error_messages.html.erb (0.6ms)
  Rendered devise/shared/_links.html.erb (0.4ms)
  Rendered devise/registrations/new.html.erb within layouts/application (2.8ms)
Completed 200 OK in 184ms (Views: 13.2ms | ActiveRecord: 0.5ms)


Started GET "/users/sign_in" for ::1 at 2021-05-18 16:28:31 +0200
Processing by Devise::SessionsController#new as HTML
  Rendering devise/sessions/new.html.erb within layouts/application
  Rendered devise/shared/_links.html.erb (0.8ms)
  Rendered devise/sessions/new.html.erb within layouts/application (3.2ms)
Completed 200 OK in 17ms (Views: 16.3ms | ActiveRecord: 0.0ms)


Started GET "/users/sign_up" for ::1 at 2021-05-18 16:28:34 +0200
Processing by Devise::RegistrationsController#new as HTML
  Rendering devise/registrations/new.html.erb within layouts/application
  Rendered devise/shared/_error_messages.html.erb (0.6ms)
  Rendered devise/shared/_links.html.erb (1.8ms)
  Rendered devise/registrations/new.html.erb within layouts/application (6.5ms)
Completed 200 OK in 22ms (Views: 21.6ms | ActiveRecord: 0.0ms)


Started POST "/users" for ::1 at 2021-05-18 16:28:49 +0200
Processing by Devise::RegistrationsController#create as HTML
  Parameters: {"utf8"=>"✓", "authenticity_token"=>"akc9ooOOmFrq/a6wegLI2ov7ix9NqKelfGyzLpSb/WCO1CiH9w5M5hsbbY8IW2uZxr3x6OXxT8Xt9I1qPTdYNw==", "user"=>{"email"=>"seb@email.com", "password"=>"[FILTERED]", "password_confirmation"=>"[FILTERED]"}, "commit"=>"Sign up"}
  [1m[35m (0.2ms)[0m  [1m[35mBEGIN[0m
  ↳ /home/sebastien/.rbenv/versions/2.7.1/lib/ruby/gems/2.7.0/gems/activerecord-5.2.6/lib/active_record/log_subscriber.rb:98
  [1m[36mUser Exists (0.2ms)[0m  [1m[34mSELECT  1 AS one FROM "users" WHERE "users"."email" = $1 LIMIT $2[0m  [["email", "seb@email.com"], ["LIMIT", 1]]
  ↳ /home/sebastien/.rbenv/versions/2.7.1/lib/ruby/gems/2.7.0/gems/activerecord-5.2.6/lib/active_record/log_subscriber.rb:98
  [1m[36mCACHE User Exists (0.0ms)[0m  [1m[34mSELECT  1 AS one FROM "users" WHERE "users"."email" = $1 LIMIT $2[0m  [["email", "seb@email.com"], ["LIMIT", 1]]
  ↳ /home/sebastien/.rbenv/versions/2.7.1/lib/ruby/gems/2.7.0/gems/activerecord-5.2.6/lib/active_record/log_subscriber.rb:98
  [1m[35m (0.1ms)[0m  [1m[31mROLLBACK[0m
  ↳ /home/sebastien/.rbenv/versions/2.7.1/lib/ruby/gems/2.7.0/gems/activerecord-5.2.6/lib/active_record/log_subscriber.rb:98
  Rendering devise/registrations/new.html.erb within layouts/application
  Rendered devise/shared/_error_messages.html.erb (0.6ms)
  Rendered devise/shared/_links.html.erb (0.4ms)
  Rendered devise/registrations/new.html.erb within layouts/application (2.5ms)
Completed 200 OK in 184ms (Views: 10.9ms | ActiveRecord: 0.5ms)


Started POST "/users" for ::1 at 2021-05-18 16:31:51 +0200
Processing by Devise::RegistrationsController#create as HTML
  Parameters: {"utf8"=>"✓", "authenticity_token"=>"QqPmatm1ztCxVUr+/fLkqMs+PLPKAkpAg5E9xkKA/cLAB5vHpyZOhQHDSVprQi9cP414qmDwuDxJBmNjtbKzZg==", "user"=>{"email"=>"seb@email.com", "password"=>"[FILTERED]", "password_confirmation"=>"[FILTERED]"}, "commit"=>"Sign up"}
  [1m[35m (0.2ms)[0m  [1m[35mBEGIN[0m
  ↳ /home/sebastien/.rbenv/versions/2.7.1/lib/ruby/gems/2.7.0/gems/activerecord-5.2.6/lib/active_record/log_subscriber.rb:98
  [1m[36mUser Exists (0.2ms)[0m  [1m[34mSELECT  1 AS one FROM "users" WHERE "users"."email" = $1 LIMIT $2[0m  [["email", "seb@email.com"], ["LIMIT", 1]]
  ↳ /home/sebastien/.rbenv/versions/2.7.1/lib/ruby/gems/2.7.0/gems/activerecord-5.2.6/lib/active_record/log_subscriber.rb:98
  [1m[36mCACHE User Exists (0.0ms)[0m  [1m[34mSELECT  1 AS one FROM "users" WHERE "users"."email" = $1 LIMIT $2[0m  [["email", "seb@email.com"], ["LIMIT", 1]]
  ↳ /home/sebastien/.rbenv/versions/2.7.1/lib/ruby/gems/2.7.0/gems/activerecord-5.2.6/lib/active_record/log_subscriber.rb:98
  [1m[35m (0.1ms)[0m  [1m[31mROLLBACK[0m
  ↳ /home/sebastien/.rbenv/versions/2.7.1/lib/ruby/gems/2.7.0/gems/activerecord-5.2.6/lib/active_record/log_subscriber.rb:98
  Rendering devise/registrations/new.html.erb within layouts/application
  Rendered devise/shared/_error_messages.html.erb (0.4ms)
  Rendered devise/shared/_links.html.erb (0.4ms)
  Rendered devise/registrations/new.html.erb within layouts/application (2.6ms)
Completed 200 OK in 183ms (Views: 11.8ms | ActiveRecord: 2.1ms)


Started GET "/users" for ::1 at 2021-05-18 16:32:04 +0200
  [1m[35m (0.4ms)[0m  [1m[34mSELECT "schema_migrations"."version" FROM "schema_migrations" ORDER BY "schema_migrations"."version" ASC[0m
  ↳ /home/sebastien/.rbenv/versions/2.7.1/lib/ruby/gems/2.7.0/gems/activerecord-5.2.6/lib/active_record/log_subscriber.rb:98
  
ActionController::RoutingError (No route matches [GET] "/users"):
  
actionpack (5.2.6) lib/action_dispatch/middleware/debug_exceptions.rb:65:in `call'
web-console (3.7.0) lib/web_console/middleware.rb:135:in `call_app'
web-console (3.7.0) lib/web_console/middleware.rb:30:in `block in call'
web-console (3.7.0) lib/web_console/middleware.rb:20:in `catch'
web-console (3.7.0) lib/web_console/middleware.rb:20:in `call'
actionpack (5.2.6) lib/action_dispatch/middleware/show_exceptions.rb:33:in `call'
railties (5.2.6) lib/rails/rack/logger.rb:38:in `call_app'
railties (5.2.6) lib/rails/rack/logger.rb:26:in `block in call'
activesupport (5.2.6) lib/active_support/tagged_logging.rb:71:in `block in tagged'
activesupport (5.2.6) lib/active_support/tagged_logging.rb:28:in `tagged'
activesupport (5.2.6) lib/active_support/tagged_logging.rb:71:in `tagged'
railties (5.2.6) lib/rails/rack/logger.rb:26:in `call'
sprockets-rails (3.2.2) lib/sprockets/rails/quiet_assets.rb:13:in `call'
actionpack (5.2.6) lib/action_dispatch/middleware/remote_ip.rb:81:in `call'
actionpack (5.2.6) lib/action_dispatch/middleware/request_id.rb:27:in `call'
rack (2.2.3) lib/rack/method_override.rb:24:in `call'
rack (2.2.3) lib/rack/runtime.rb:22:in `call'
activesupport (5.2.6) lib/active_support/cache/strategy/local_cache_middleware.rb:29:in `call'
actionpack (5.2.6) lib/action_dispatch/middleware/executor.rb:14:in `call'
actionpack (5.2.6) lib/action_dispatch/middleware/static.rb:127:in `call'
rack (2.2.3) lib/rack/sendfile.rb:110:in `call'
railties (5.2.6) lib/rails/engine.rb:524:in `call'
puma (3.12.6) lib/puma/configuration.rb:227:in `call'
puma (3.12.6) lib/puma/server.rb:706:in `handle_request'
puma (3.12.6) lib/puma/server.rb:476:in `process_client'
puma (3.12.6) lib/puma/server.rb:334:in `block in run'
puma (3.12.6) lib/puma/thread_pool.rb:135:in `block in spawn_thread'
Started GET "/users" for ::1 at 2021-05-18 16:32:21 +0200
  [1m[35m (0.3ms)[0m  [1m[34mSELECT "schema_migrations"."version" FROM "schema_migrations" ORDER BY "schema_migrations"."version" ASC[0m
  ↳ /home/sebastien/.rbenv/versions/2.7.1/lib/ruby/gems/2.7.0/gems/activerecord-5.2.6/lib/active_record/log_subscriber.rb:98
  
ActionController::RoutingError (No route matches [GET] "/users"):
  
actionpack (5.2.6) lib/action_dispatch/middleware/debug_exceptions.rb:65:in `call'
web-console (3.7.0) lib/web_console/middleware.rb:135:in `call_app'
web-console (3.7.0) lib/web_console/middleware.rb:30:in `block in call'
web-console (3.7.0) lib/web_console/middleware.rb:20:in `catch'
web-console (3.7.0) lib/web_console/middleware.rb:20:in `call'
actionpack (5.2.6) lib/action_dispatch/middleware/show_exceptions.rb:33:in `call'
railties (5.2.6) lib/rails/rack/logger.rb:38:in `call_app'
railties (5.2.6) lib/rails/rack/logger.rb:26:in `block in call'
activesupport (5.2.6) lib/active_support/tagged_logging.rb:71:in `block in tagged'
activesupport (5.2.6) lib/active_support/tagged_logging.rb:28:in `tagged'
activesupport (5.2.6) lib/active_support/tagged_logging.rb:71:in `tagged'
railties (5.2.6) lib/rails/rack/logger.rb:26:in `call'
sprockets-rails (3.2.2) lib/sprockets/rails/quiet_assets.rb:13:in `call'
actionpack (5.2.6) lib/action_dispatch/middleware/remote_ip.rb:81:in `call'
actionpack (5.2.6) lib/action_dispatch/middleware/request_id.rb:27:in `call'
rack (2.2.3) lib/rack/method_override.rb:24:in `call'
rack (2.2.3) lib/rack/runtime.rb:22:in `call'
activesupport (5.2.6) lib/active_support/cache/strategy/local_cache_middleware.rb:29:in `call'
actionpack (5.2.6) lib/action_dispatch/middleware/executor.rb:14:in `call'
actionpack (5.2.6) lib/action_dispatch/middleware/static.rb:127:in `call'
rack (2.2.3) lib/rack/sendfile.rb:110:in `call'
railties (5.2.6) lib/rails/engine.rb:524:in `call'
puma (3.12.6) lib/puma/configuration.rb:227:in `call'
puma (3.12.6) lib/puma/server.rb:706:in `handle_request'
puma (3.12.6) lib/puma/server.rb:476:in `process_client'
puma (3.12.6) lib/puma/server.rb:334:in `block in run'
puma (3.12.6) lib/puma/thread_pool.rb:135:in `block in spawn_thread'
Started GET "/users" for ::1 at 2021-05-18 16:32:51 +0200
  [1m[35m (0.4ms)[0m  [1m[34mSELECT "schema_migrations"."version" FROM "schema_migrations" ORDER BY "schema_migrations"."version" ASC[0m
  ↳ /home/sebastien/.rbenv/versions/2.7.1/lib/ruby/gems/2.7.0/gems/activerecord-5.2.6/lib/active_record/log_subscriber.rb:98
  
ActionController::RoutingError (No route matches [GET] "/users"):
  
actionpack (5.2.6) lib/action_dispatch/middleware/debug_exceptions.rb:65:in `call'
web-console (3.7.0) lib/web_console/middleware.rb:135:in `call_app'
web-console (3.7.0) lib/web_console/middleware.rb:30:in `block in call'
web-console (3.7.0) lib/web_console/middleware.rb:20:in `catch'
web-console (3.7.0) lib/web_console/middleware.rb:20:in `call'
actionpack (5.2.6) lib/action_dispatch/middleware/show_exceptions.rb:33:in `call'
railties (5.2.6) lib/rails/rack/logger.rb:38:in `call_app'
railties (5.2.6) lib/rails/rack/logger.rb:26:in `block in call'
activesupport (5.2.6) lib/active_support/tagged_logging.rb:71:in `block in tagged'
activesupport (5.2.6) lib/active_support/tagged_logging.rb:28:in `tagged'
activesupport (5.2.6) lib/active_support/tagged_logging.rb:71:in `tagged'
railties (5.2.6) lib/rails/rack/logger.rb:26:in `call'
sprockets-rails (3.2.2) lib/sprockets/rails/quiet_assets.rb:13:in `call'
actionpack (5.2.6) lib/action_dispatch/middleware/remote_ip.rb:81:in `call'
actionpack (5.2.6) lib/action_dispatch/middleware/request_id.rb:27:in `call'
rack (2.2.3) lib/rack/method_override.rb:24:in `call'
rack (2.2.3) lib/rack/runtime.rb:22:in `call'
activesupport (5.2.6) lib/active_support/cache/strategy/local_cache_middleware.rb:29:in `call'
actionpack (5.2.6) lib/action_dispatch/middleware/executor.rb:14:in `call'
actionpack (5.2.6) lib/action_dispatch/middleware/static.rb:127:in `call'
rack (2.2.3) lib/rack/sendfile.rb:110:in `call'
railties (5.2.6) lib/rails/engine.rb:524:in `call'
puma (3.12.6) lib/puma/configuration.rb:227:in `call'
puma (3.12.6) lib/puma/server.rb:706:in `handle_request'
puma (3.12.6) lib/puma/server.rb:476:in `process_client'
puma (3.12.6) lib/puma/server.rb:334:in `block in run'
puma (3.12.6) lib/puma/thread_pool.rb:135:in `block in spawn_thread'
Started GET "/users" for ::1 at 2021-05-18 16:32:53 +0200
  
ActionController::RoutingError (No route matches [GET] "/users"):
  
actionpack (5.2.6) lib/action_dispatch/middleware/debug_exceptions.rb:65:in `call'
web-console (3.7.0) lib/web_console/middleware.rb:135:in `call_app'
web-console (3.7.0) lib/web_console/middleware.rb:30:in `block in call'
web-console (3.7.0) lib/web_console/middleware.rb:20:in `catch'
web-console (3.7.0) lib/web_console/middleware.rb:20:in `call'
actionpack (5.2.6) lib/action_dispatch/middleware/show_exceptions.rb:33:in `call'
railties (5.2.6) lib/rails/rack/logger.rb:38:in `call_app'
railties (5.2.6) lib/rails/rack/logger.rb:26:in `block in call'
activesupport (5.2.6) lib/active_support/tagged_logging.rb:71:in `block in tagged'
activesupport (5.2.6) lib/active_support/tagged_logging.rb:28:in `tagged'
activesupport (5.2.6) lib/active_support/tagged_logging.rb:71:in `tagged'
railties (5.2.6) lib/rails/rack/logger.rb:26:in `call'
sprockets-rails (3.2.2) lib/sprockets/rails/quiet_assets.rb:13:in `call'
actionpack (5.2.6) lib/action_dispatch/middleware/remote_ip.rb:81:in `call'
actionpack (5.2.6) lib/action_dispatch/middleware/request_id.rb:27:in `call'
rack (2.2.3) lib/rack/method_override.rb:24:in `call'
rack (2.2.3) lib/rack/runtime.rb:22:in `call'
activesupport (5.2.6) lib/active_support/cache/strategy/local_cache_middleware.rb:29:in `call'
actionpack (5.2.6) lib/action_dispatch/middleware/executor.rb:14:in `call'
actionpack (5.2.6) lib/action_dispatch/middleware/static.rb:127:in `call'
rack (2.2.3) lib/rack/sendfile.rb:110:in `call'
railties (5.2.6) lib/rails/engine.rb:524:in `call'
puma (3.12.6) lib/puma/configuration.rb:227:in `call'
puma (3.12.6) lib/puma/server.rb:706:in `handle_request'
puma (3.12.6) lib/puma/server.rb:476:in `process_client'
puma (3.12.6) lib/puma/server.rb:334:in `block in run'
puma (3.12.6) lib/puma/thread_pool.rb:135:in `block in spawn_thread'
Started GET "/users" for ::1 at 2021-05-18 16:32:55 +0200
  
ActionController::RoutingError (No route matches [GET] "/users"):
  
actionpack (5.2.6) lib/action_dispatch/middleware/debug_exceptions.rb:65:in `call'
web-console (3.7.0) lib/web_console/middleware.rb:135:in `call_app'
web-console (3.7.0) lib/web_console/middleware.rb:30:in `block in call'
web-console (3.7.0) lib/web_console/middleware.rb:20:in `catch'
web-console (3.7.0) lib/web_console/middleware.rb:20:in `call'
actionpack (5.2.6) lib/action_dispatch/middleware/show_exceptions.rb:33:in `call'
railties (5.2.6) lib/rails/rack/logger.rb:38:in `call_app'
railties (5.2.6) lib/rails/rack/logger.rb:26:in `block in call'
activesupport (5.2.6) lib/active_support/tagged_logging.rb:71:in `block in tagged'
activesupport (5.2.6) lib/active_support/tagged_logging.rb:28:in `tagged'
activesupport (5.2.6) lib/active_support/tagged_logging.rb:71:in `tagged'
railties (5.2.6) lib/rails/rack/logger.rb:26:in `call'
sprockets-rails (3.2.2) lib/sprockets/rails/quiet_assets.rb:13:in `call'
actionpack (5.2.6) lib/action_dispatch/middleware/remote_ip.rb:81:in `call'
actionpack (5.2.6) lib/action_dispatch/middleware/request_id.rb:27:in `call'
rack (2.2.3) lib/rack/method_override.rb:24:in `call'
rack (2.2.3) lib/rack/runtime.rb:22:in `call'
activesupport (5.2.6) lib/active_support/cache/strategy/local_cache_middleware.rb:29:in `call'
actionpack (5.2.6) lib/action_dispatch/middleware/executor.rb:14:in `call'
actionpack (5.2.6) lib/action_dispatch/middleware/static.rb:127:in `call'
rack (2.2.3) lib/rack/sendfile.rb:110:in `call'
railties (5.2.6) lib/rails/engine.rb:524:in `call'
puma (3.12.6) lib/puma/configuration.rb:227:in `call'
puma (3.12.6) lib/puma/server.rb:706:in `handle_request'
puma (3.12.6) lib/puma/server.rb:476:in `process_client'
puma (3.12.6) lib/puma/server.rb:334:in `block in run'
puma (3.12.6) lib/puma/thread_pool.rb:135:in `block in spawn_thread'
Started GET "/" for ::1 at 2021-05-18 16:33:02 +0200
Processing by EventsController#index as HTML
  Rendering events/index.html.erb within layouts/application
  [1m[36mEvent Load (0.3ms)[0m  [1m[34mSELECT "events".* FROM "events"[0m
  ↳ app/views/events/index.html.erb:13
  Rendered events/index.html.erb within layouts/application (2.8ms)
Completed 200 OK in 126ms (Views: 120.1ms | ActiveRecord: 1.1ms)


Started GET "/users/sign_up" for ::1 at 2021-05-18 16:33:05 +0200
Processing by Devise::RegistrationsController#new as HTML
  Rendering devise/registrations/new.html.erb within layouts/application
  Rendered devise/shared/_error_messages.html.erb (0.4ms)
  Rendered devise/shared/_links.html.erb (0.5ms)
  Rendered devise/registrations/new.html.erb within layouts/application (102.4ms)
Completed 200 OK in 123ms (Views: 111.0ms | ActiveRecord: 2.9ms)


Started POST "/users" for ::1 at 2021-05-18 16:33:23 +0200
Processing by Devise::RegistrationsController#create as HTML
  Parameters: {"utf8"=>"✓", "authenticity_token"=>"K3KqhQPJ+RHTQsTkNPAkFj0WiXh9FYJeiC88g/NqwrHP4b+gd0ktrSKkB9tGqYdVcFDzj9VMaj4ZtwLHWsZn5g==", "user"=>{"email"=>"seb@email.com", "password"=>"[FILTERED]", "password_confirmation"=>"[FILTERED]"}, "commit"=>"Sign up"}
  [1m[35m (0.1ms)[0m  [1m[35mBEGIN[0m
  ↳ /home/sebastien/.rbenv/versions/2.7.1/lib/ruby/gems/2.7.0/gems/activerecord-5.2.6/lib/active_record/log_subscriber.rb:98
  [1m[36mUser Exists (0.3ms)[0m  [1m[34mSELECT  1 AS one FROM "users" WHERE "users"."email" = $1 LIMIT $2[0m  [["email", "seb@email.com"], ["LIMIT", 1]]
  ↳ /home/sebastien/.rbenv/versions/2.7.1/lib/ruby/gems/2.7.0/gems/activerecord-5.2.6/lib/active_record/log_subscriber.rb:98
  [1m[36mCACHE User Exists (0.0ms)[0m  [1m[34mSELECT  1 AS one FROM "users" WHERE "users"."email" = $1 LIMIT $2[0m  [["email", "seb@email.com"], ["LIMIT", 1]]
  ↳ /home/sebastien/.rbenv/versions/2.7.1/lib/ruby/gems/2.7.0/gems/activerecord-5.2.6/lib/active_record/log_subscriber.rb:98
  [1m[36mUser Create (0.3ms)[0m  [1m[32mINSERT INTO "users" ("email", "encrypted_password", "created_at", "updated_at") VALUES ($1, $2, $3, $4) RETURNING "id"[0m  [["email", "seb@email.com"], ["encrypted_password", "$2a$12$Y6FVrvBv9nSIeTyHhKBUAOHJmxQIYT/foEiYdk9WL/6MBzDZZb0Ta"], ["created_at", "2021-05-18 14:33:23.698471"], ["updated_at", "2021-05-18 14:33:23.698471"]]
  ↳ /home/sebastien/.rbenv/versions/2.7.1/lib/ruby/gems/2.7.0/gems/activerecord-5.2.6/lib/active_record/log_subscriber.rb:98
  Rendering user_mailer/welcome_email.html.erb within layouts/mailer
  Rendered user_mailer/welcome_email.html.erb within layouts/mailer (0.2ms)
  Rendering user_mailer/welcome_email.text.erb within layouts/mailer
  Rendered user_mailer/welcome_email.text.erb within layouts/mailer (0.2ms)
UserMailer#welcome_email: processed outbound mail in 536.1ms
Sent mail to seb@email.com (45.1ms)
Date: Tue, 18 May 2021 16:33:24 +0200
From: mesas.cedric@gmail.com
To: seb@email.com
Message-ID: <60a3d0343b58f_7fd9495c5402d@sebastien-System-Product-Name.mail>
Subject: =?UTF-8?Q?Bienvenue_=C3=A0_la_maison._Ici,_tout_est_doux_!?=
Mime-Version: 1.0
Content-Type: multipart/alternative;
 boundary="--==_mimepart_60a3d03438ab1_7fd9495c53967";
 charset=UTF-8
Content-Transfer-Encoding: 7bit


----==_mimepart_60a3d03438ab1_7fd9495c53967
Content-Type: text/plain;
 charset=UTF-8
Content-Transfer-Encoding: base64

U2FsdXQgIGV0IGJpZW52ZW51ZSBjaGV6IG5vdXMgIQ0KPT09PT09PT09PT09
PT09PT09PT09PT09PT09PT09PT09PT09PT09PT09PT09PT09PT09PT09PT09
PQ0KIA0KVHUgdCdlcyBpbnNjcml0IHN1ciBtb25zaXRlLmZyIGVuIHV0aWxp
c2FudCBsJ2UtbWFpbCBzdWl2YW50IDogc2ViQGVtYWlsLmNvbS4NCiANClBv
dXIgYWNjw6lkZXIgw6AgdG9uIGVzcGFjZSBjbGllbnQsIGNvbm5lY3RlLXRv
aSB2aWEgOiBodHRwOi8vbXlmdWNraW5nZXZlbnRicml0ZS5jb20uDQogDQrD
gCB0csOocyB2aXRlIHN1ciBtb25zaXRlLmZyICENCg==

----==_mimepart_60a3d03438ab1_7fd9495c53967
Content-Type: text/html;
 charset=UTF-8
Content-Transfer-Encoding: quoted-printable

<!DOCTYPE html>=0D
<html>=0D
  <head>=0D
    <meta http-equiv=3D"Content-Type" content=3D"text/html; charset=3Dutf=
-8" />=0D
    <style>=0D
      /* Email styles need to be inline */=0D
    </style>=0D
  </head>=0D
=0D
  <body>=0D
    <!DOCTYPE html>=0D
<html>=0D
=0D
    <head>=0D
        <meta content=3D'text/html; charset=3DUTF-8' http-equiv=3D'Conten=
t-Type' />=0D
    </head>=0D
=0D
    <body>=0D
        <h1>Salut  et bienvenue chez nous !</h1>=0D
    <p>=0D
        Tu t'es inscrit sur monsite.fr en utilisant l'e-mail suivant : se=
b@email.com.=0D
    </p>=0D
    <p>=0D
        Pour acc=C3=A9der =C3=A0 ton espace client, connecte-toi via : ht=
tp://myfuckingeventbrite.com.=0D
    </p>=0D
    <p> =C3=80 tr=C3=A8s vite sur monsite.fr !=0D
    </body>=0D
    =0D
</html>=0D
  </body>=0D
</html>=0D

----==_mimepart_60a3d03438ab1_7fd9495c53967--

  [1m[35m (1.0ms)[0m  [1m[35mCOMMIT[0m
  ↳ /home/sebastien/.rbenv/versions/2.7.1/lib/ruby/gems/2.7.0/gems/activerecord-5.2.6/lib/active_record/log_subscriber.rb:98
Redirected to http://localhost:3000/
Completed 302 Found in 752ms (ActiveRecord: 1.7ms)


Started GET "/" for ::1 at 2021-05-18 16:33:24 +0200
Processing by EventsController#index as HTML
  Rendering events/index.html.erb within layouts/application
  [1m[36mEvent Load (0.2ms)[0m  [1m[34mSELECT "events".* FROM "events"[0m
  ↳ app/views/events/index.html.erb:13
  Rendered events/index.html.erb within layouts/application (1.3ms)
  [1m[36mUser Load (0.1ms)[0m  [1m[34mSELECT  "users".* FROM "users" WHERE "users"."id" = $1 ORDER BY "users"."id" ASC LIMIT $2[0m  [["id", 1], ["LIMIT", 1]]
  ↳ app/views/layouts/application.html.erb:29
Completed 200 OK in 15ms (Views: 14.2ms | ActiveRecord: 0.5ms)


Started GET "/events/new" for ::1 at 2021-05-18 16:34:04 +0200
Processing by EventsController#new as HTML
  Rendering events/new.html.erb within layouts/application
  Rendered events/_form.html.erb (1.3ms)
  Rendered events/new.html.erb within layouts/application (1.9ms)
  [1m[36mUser Load (0.2ms)[0m  [1m[34mSELECT  "users".* FROM "users" WHERE "users"."id" = $1 ORDER BY "users"."id" ASC LIMIT $2[0m  [["id", 1], ["LIMIT", 1]]
  ↳ app/views/layouts/application.html.erb:29
Completed 200 OK in 23ms (Views: 14.3ms | ActiveRecord: 1.7ms)


Started POST "/events" for ::1 at 2021-05-18 16:34:05 +0200
Processing by EventsController#create as JS
  Parameters: {"utf8"=>"✓", "authenticity_token"=>"35F0JpkS5RngAT2VuCe5xIJ2fm702CWL7Df/hh08jVYQkvwo3dL6y1mcgc1HdDy95vBdw7oF1gZMIOksa5I2IQ==", "commit"=>"Create Event"}
  [1m[35m (0.2ms)[0m  [1m[35mBEGIN[0m
  ↳ app/controllers/events_controller.rb:26
  [1m[35m (0.2ms)[0m  [1m[31mROLLBACK[0m
  ↳ app/controllers/events_controller.rb:26
Completed 500 Internal Server Error in 26ms (ActiveRecord: 0.4ms)



NoMethodError - undefined method `mult_5_and_positive?' for #<Event:0x00007f7ce8eb5458>
Did you mean?  multiple_5_and_positive?:
  app/controllers/events_controller.rb:26:in `block in create'
  app/controllers/events_controller.rb:25:in `create'

Started GET "/" for ::1 at 2021-05-18 16:35:00 +0200
Processing by EventsController#index as HTML
  Rendering events/index.html.erb within layouts/application
  [1m[36mEvent Load (0.3ms)[0m  [1m[34mSELECT "events".* FROM "events"[0m
  ↳ app/views/events/index.html.erb:13
  Rendered events/index.html.erb within layouts/application (1.8ms)
  [1m[36mUser Load (0.2ms)[0m  [1m[34mSELECT  "users".* FROM "users" WHERE "users"."id" = $1 ORDER BY "users"."id" ASC LIMIT $2[0m  [["id", 1], ["LIMIT", 1]]
  ↳ app/views/layouts/application.html.erb:29
Completed 200 OK in 17ms (Views: 15.8ms | ActiveRecord: 0.5ms)


Started GET "/events/new" for ::1 at 2021-05-18 16:35:03 +0200
Processing by EventsController#new as HTML
  Rendering events/new.html.erb within layouts/application
  Rendered events/_form.html.erb (1.0ms)
  Rendered events/new.html.erb within layouts/application (1.9ms)
  [1m[36mUser Load (0.2ms)[0m  [1m[34mSELECT  "users".* FROM "users" WHERE "users"."id" = $1 ORDER BY "users"."id" ASC LIMIT $2[0m  [["id", 1], ["LIMIT", 1]]
  ↳ app/views/layouts/application.html.erb:29
Completed 200 OK in 15ms (Views: 14.2ms | ActiveRecord: 0.2ms)


Started POST "/events" for ::1 at 2021-05-18 16:35:04 +0200
Processing by EventsController#create as JS
  Parameters: {"utf8"=>"✓", "authenticity_token"=>"6XEMmlg+5T6FRPcKHXRLNxjOFF1ypHws63zuGDVthFQmcoSUHP767DzZS1LiJ85OfEg38Dx5j6FLa/iyQ8M/Iw==", "commit"=>"Create Event"}
  [1m[35m (0.2ms)[0m  [1m[35mBEGIN[0m
  ↳ app/controllers/events_controller.rb:26
  [1m[35m (0.2ms)[0m  [1m[31mROLLBACK[0m
  ↳ app/controllers/events_controller.rb:26
Completed 500 Internal Server Error in 30ms (ActiveRecord: 0.4ms)



NoMethodError - undefined method `mult_5_and_positive?' for #<Event:0x00007f7cd80bcca8>
Did you mean?  multiple_5_and_positive?:
  app/controllers/events_controller.rb:26:in `block in create'
  app/controllers/events_controller.rb:25:in `create'

Started POST "/events" for ::1 at 2021-05-18 16:35:05 +0200
Processing by EventsController#create as JS
  Parameters: {"utf8"=>"✓", "authenticity_token"=>"6XEMmlg+5T6FRPcKHXRLNxjOFF1ypHws63zuGDVthFQmcoSUHP767DzZS1LiJ85OfEg38Dx5j6FLa/iyQ8M/Iw==", "commit"=>"Create Event"}
  [1m[35m (0.2ms)[0m  [1m[35mBEGIN[0m
  ↳ app/controllers/events_controller.rb:26
  [1m[35m (0.2ms)[0m  [1m[31mROLLBACK[0m
  ↳ app/controllers/events_controller.rb:26
Completed 500 Internal Server Error in 28ms (ActiveRecord: 0.5ms)



NoMethodError - undefined method `mult_5_and_positive?' for #<Event:0x00007f7ced1e5ca0>
Did you mean?  multiple_5_and_positive?:
  app/controllers/events_controller.rb:26:in `block in create'
  app/controllers/events_controller.rb:25:in `create'

Started GET "/events" for ::1 at 2021-05-18 16:35:10 +0200
Processing by EventsController#index as HTML
  Rendering events/index.html.erb within layouts/application
  [1m[36mEvent Load (0.3ms)[0m  [1m[34mSELECT "events".* FROM "events"[0m
  ↳ app/views/events/index.html.erb:13
  Rendered events/index.html.erb within layouts/application (2.1ms)
  [1m[36mUser Load (0.2ms)[0m  [1m[34mSELECT  "users".* FROM "users" WHERE "users"."id" = $1 ORDER BY "users"."id" ASC LIMIT $2[0m  [["id", 1], ["LIMIT", 1]]
  ↳ app/views/layouts/application.html.erb:29
Completed 200 OK in 18ms (Views: 16.6ms | ActiveRecord: 0.5ms)


